# JRE version: OpenJDK Runtime Environment Temurin-17.0.10+7 (17.0.10+7) (build 17.0.10+7)
# Java VM: OpenJDK 64-Bit Server VM Temurin-17.0.10+7 (17.0.10+7, mixed mode, tiered, compressed oops, compressed class ptrs, parallel gc, windows-amd64)
GC Precious Log:
 CPUs: 8 total, 8 available
 Memory: 8025M
 Large Page Support: Disabled
 NUMA Support: Disabled
 Compressed Oops: Enabled (32-bit)
 Alignments: Space 512K, Generation 512K, Heap 2M
 Heap Min Capacity: 100M
 Heap Initial Capacity: 100M
 Heap Max Capacity: 1G
 Pre-touch: Disabled
 Parallel Workers: 8
Heap:
 PSYoungGen      total 22528K, used 11329K [0x00000000eab00000, 0x00000000ecb00000, 0x0000000100000000)
  eden space 13312K, 73% used [0x00000000eab00000,0x00000000eb49e740,0x00000000eb800000)
  from space 9216K, 16% used [0x00000000ebd80000,0x00000000ebef1d20,0x00000000ec680000)
  to   space 3584K, 0% used [0x00000000ec780000,0x00000000ec780000,0x00000000ecb00000)
 ParOldGen       total 390144K, used 353216K [0x00000000c0000000, 0x00000000d7d00000, 0x00000000eab00000)
  object space 390144K, 90% used [0x00000000c0000000,0x00000000d58f0278,0x00000000d7d00000)
 Metaspace       used 70016K, committed 71168K, reserved 1114112K
  class space    used 7416K, committed 7936K, reserved 1048576K
GC Heap History (20 events):
Event: 46.740 GC heap before
{Heap before GC invocations=380 (full 14):
 PSYoungGen      total 12288K, used 9938K [0x00000000eab00000, 0x00000000ec780000, 0x0000000100000000)
  eden space 9216K, 97% used [0x00000000eab00000,0x00000000eb3c19c0,0x00000000eb400000)
  from space 3072K, 31% used [0x00000000eb400000,0x00000000eb4f3068,0x00000000eb700000)
  to   space 9728K, 0% used [0x00000000ebe00000,0x00000000ebe00000,0x00000000ec780000)
 ParOldGen       total 359424K, used 318411K [0x00000000c0000000, 0x00000000d5f00000, 0x00000000eab00000)
  object space 359424K, 88% used [0x00000000c0000000,0x00000000d36f2e10,0x00000000d5f00000)
 Metaspace       used 68758K, committed 69888K, reserved 1114112K
  class space    used 7297K, committed 7744K, reserved 1048576K
}
Event: 46.781 GC heap after
{Heap after GC invocations=380 (full 14):
 PSYoungGen      total 19456K, used 8878K [0x00000000eab00000, 0x00000000ec700000, 0x0000000100000000)
  eden space 10240K, 0% used [0x00000000eab00000,0x00000000eab00000,0x00000000eb500000)
  from space 9216K, 96% used [0x00000000ebe00000,0x00000000ec6abb40,0x00000000ec700000)
  to   space 9216K, 0% used [0x00000000eb500000,0x00000000eb500000,0x00000000ebe00000)
 ParOldGen       total 359424K, used 319200K [0x00000000c0000000, 0x00000000d5f00000, 0x00000000eab00000)
  object space 359424K, 88% used [0x00000000c0000000,0x00000000d37b8210,0x00000000d5f00000)
 Metaspace       used 68758K, committed 69888K, reserved 1114112K
  class space    used 7297K, committed 7744K, reserved 1048576K
}
Event: 47.145 GC heap before
{Heap before GC invocations=381 (full 14):
 PSYoungGen      total 19456K, used 18956K [0x00000000eab00000, 0x00000000ec700000, 0x0000000100000000)
  eden space 10240K, 98% used [0x00000000eab00000,0x00000000eb4d7630,0x00000000eb500000)
  from space 9216K, 96% used [0x00000000ebe00000,0x00000000ec6abb40,0x00000000ec700000)
  to   space 9216K, 0% used [0x00000000eb500000,0x00000000eb500000,0x00000000ebe00000)
 ParOldGen       total 359424K, used 319200K [0x00000000c0000000, 0x00000000d5f00000, 0x00000000eab00000)
  object space 359424K, 88% used [0x00000000c0000000,0x00000000d37b8210,0x00000000d5f00000)
 Metaspace       used 68758K, committed 69888K, reserved 1114112K
  class space    used 7297K, committed 7744K, reserved 1048576K
}
Event: 47.164 GC heap after
{Heap after GC invocations=381 (full 14):
 PSYoungGen      total 19456K, used 9210K [0x00000000eab00000, 0x00000000edb00000, 0x0000000100000000)
  eden space 10240K, 0% used [0x00000000eab00000,0x00000000eab00000,0x00000000eb500000)
  from space 9216K, 99% used [0x00000000eb500000,0x00000000ebdfeba0,0x00000000ebe00000)
  to   space 18944K, 0% used [0x00000000ec880000,0x00000000ec880000,0x00000000edb00000)
 ParOldGen       total 359424K, used 327248K [0x00000000c0000000, 0x00000000d5f00000, 0x00000000eab00000)
  object space 359424K, 91% used [0x00000000c0000000,0x00000000d3f941e8,0x00000000d5f00000)
 Metaspace       used 68758K, committed 69888K, reserved 1114112K
  class space    used 7297K, committed 7744K, reserved 1048576K
}
Event: 47.864 GC heap before
{Heap before GC invocations=382 (full 14):
 PSYoungGen      total 19456K, used 19439K [0x00000000eab00000, 0x00000000edb00000, 0x0000000100000000)
  eden space 10240K, 99% used [0x00000000eab00000,0x00000000eb4fd350,0x00000000eb500000)
  from space 9216K, 99% used [0x00000000eb500000,0x00000000ebdfeba0,0x00000000ebe00000)
  to   space 18944K, 0% used [0x00000000ec880000,0x00000000ec880000,0x00000000edb00000)
 ParOldGen       total 359424K, used 327248K [0x00000000c0000000, 0x00000000d5f00000, 0x00000000eab00000)
  object space 359424K, 91% used [0x00000000c0000000,0x00000000d3f941e8,0x00000000d5f00000)
 Metaspace       used 68764K, committed 69888K, reserved 1114112K
  class space    used 7297K, committed 7744K, reserved 1048576K
}
Event: 47.881 GC heap after
{Heap after GC invocations=382 (full 14):
 PSYoungGen      total 22016K, used 10274K [0x00000000eab00000, 0x00000000ed300000, 0x0000000100000000)
  eden space 11264K, 0% used [0x00000000eab00000,0x00000000eab00000,0x00000000eb600000)
  from space 10752K, 95% used [0x00000000ec880000,0x00000000ed288a38,0x00000000ed300000)
  to   space 12800K, 0% used [0x00000000eba00000,0x00000000eba00000,0x00000000ec680000)
 ParOldGen       total 359424K, used 333983K [0x00000000c0000000, 0x00000000d5f00000, 0x00000000eab00000)
  object space 359424K, 92% used [0x00000000c0000000,0x00000000d4627da0,0x00000000d5f00000)
 Metaspace       used 68764K, committed 69888K, reserved 1114112K
  class space    used 7297K, committed 7744K, reserved 1048576K
}
Event: 48.300 GC heap before
{Heap before GC invocations=383 (full 14):
 PSYoungGen      total 22016K, used 21538K [0x00000000eab00000, 0x00000000ed300000, 0x0000000100000000)
  eden space 11264K, 100% used [0x00000000eab00000,0x00000000eb600000,0x00000000eb600000)
  from space 10752K, 95% used [0x00000000ec880000,0x00000000ed288a38,0x00000000ed300000)
  to   space 12800K, 0% used [0x00000000eba00000,0x00000000eba00000,0x00000000ec680000)
 ParOldGen       total 359424K, used 333983K [0x00000000c0000000, 0x00000000d5f00000, 0x00000000eab00000)
  object space 359424K, 92% used [0x00000000c0000000,0x00000000d4627da0,0x00000000d5f00000)
 Metaspace       used 68764K, committed 69888K, reserved 1114112K
  class space    used 7297K, committed 7744K, reserved 1048576K
}
Event: 48.317 GC heap after
{Heap after GC invocations=383 (full 14):
 PSYoungGen      total 25088K, used 12797K [0x00000000eab00000, 0x00000000ee500000, 0x0000000100000000)
  eden space 12288K, 0% used [0x00000000eab00000,0x00000000eab00000,0x00000000eb700000)
  from space 12800K, 99% used [0x00000000eba00000,0x00000000ec67f410,0x00000000ec680000)
  to   space 23552K, 0% used [0x00000000ece00000,0x00000000ece00000,0x00000000ee500000)
 ParOldGen       total 359424K, used 342514K [0x00000000c0000000, 0x00000000d5f00000, 0x00000000eab00000)
  object space 359424K, 95% used [0x00000000c0000000,0x00000000d4e7c810,0x00000000d5f00000)
 Metaspace       used 68764K, committed 69888K, reserved 1114112K
  class space    used 7297K, committed 7744K, reserved 1048576K
}
Event: 48.798 GC heap before
{Heap before GC invocations=384 (full 14):
 PSYoungGen      total 25088K, used 25085K [0x00000000eab00000, 0x00000000ee500000, 0x0000000100000000)
  eden space 12288K, 100% used [0x00000000eab00000,0x00000000eb700000,0x00000000eb700000)
  from space 12800K, 99% used [0x00000000eba00000,0x00000000ec67f410,0x00000000ec680000)
  to   space 23552K, 0% used [0x00000000ece00000,0x00000000ece00000,0x00000000ee500000)
 ParOldGen       total 359424K, used 342514K [0x00000000c0000000, 0x00000000d5f00000, 0x00000000eab00000)
  object space 359424K, 95% used [0x00000000c0000000,0x00000000d4e7c810,0x00000000d5f00000)
 Metaspace       used 68786K, committed 69888K, reserved 1114112K
  class space    used 7297K, committed 7744K, reserved 1048576K
}
Event: 48.825 GC heap after
{Heap after GC invocations=384 (full 14):
 PSYoungGen      total 24064K, used 10485K [0x00000000eab00000, 0x00000000ed880000, 0x0000000100000000)
  eden space 13312K, 0% used [0x00000000eab00000,0x00000000eab00000,0x00000000eb800000)
  from space 10752K, 97% used [0x00000000ece00000,0x00000000ed83d5b8,0x00000000ed880000)
  to   space 14848K, 0% used [0x00000000ebb80000,0x00000000ebb80000,0x00000000eca00000)
 ParOldGen       total 359424K, used 355028K [0x00000000c0000000, 0x00000000d5f00000, 0x00000000eab00000)
  object space 359424K, 98% used [0x00000000c0000000,0x00000000d5ab5058,0x00000000d5f00000)
 Metaspace       used 68786K, committed 69888K, reserved 1114112K
  class space    used 7297K, committed 7744K, reserved 1048576K
}
Event: 48.825 GC heap before
{Heap before GC invocations=385 (full 15):
 PSYoungGen      total 24064K, used 10485K [0x00000000eab00000, 0x00000000ed880000, 0x0000000100000000)
  eden space 13312K, 0% used [0x00000000eab00000,0x00000000eab00000,0x00000000eb800000)
  from space 10752K, 97% used [0x00000000ece00000,0x00000000ed83d5b8,0x00000000ed880000)
  to   space 14848K, 0% used [0x00000000ebb80000,0x00000000ebb80000,0x00000000eca00000)
 ParOldGen       total 359424K, used 355028K [0x00000000c0000000, 0x00000000d5f00000, 0x00000000eab00000)
  object space 359424K, 98% used [0x00000000c0000000,0x00000000d5ab5058,0x00000000d5f00000)
 Metaspace       used 68786K, committed 69888K, reserved 1114112K
  class space    used 7297K, committed 7744K, reserved 1048576K
}
Event: 49.098 GC heap after
{Heap after GC invocations=385 (full 15):
 PSYoungGen      total 13824K, used 0K [0x00000000eab00000, 0x00000000ed500000, 0x0000000100000000)
  eden space 13312K, 0% used [0x00000000eab00000,0x00000000eab00000,0x00000000eb800000)
  from space 512K, 0% used [0x00000000ebb80000,0x00000000ebb80000,0x00000000ebc00000)
  to   space 14848K, 0% used [0x00000000ec680000,0x00000000ec680000,0x00000000ed500000)
 ParOldGen       total 390144K, used 342790K [0x00000000c0000000, 0x00000000d7d00000, 0x00000000eab00000)
  object space 390144K, 87% used [0x00000000c0000000,0x00000000d4ec18f8,0x00000000d7d00000)
 Metaspace       used 68786K, committed 69888K, reserved 1114112K
  class space    used 7297K, committed 7744K, reserved 1048576K
}
Event: 51.001 GC heap before
{Heap before GC invocations=386 (full 15):
 PSYoungGen      total 13824K, used 13312K [0x00000000eab00000, 0x00000000ed500000, 0x0000000100000000)
  eden space 13312K, 100% used [0x00000000eab00000,0x00000000eb800000,0x00000000eb800000)
  from space 512K, 0% used [0x00000000ebb80000,0x00000000ebb80000,0x00000000ebc00000)
  to   space 14848K, 0% used [0x00000000ec680000,0x00000000ec680000,0x00000000ed500000)
 ParOldGen       total 390144K, used 342790K [0x00000000c0000000, 0x00000000d7d00000, 0x00000000eab00000)
  object space 390144K, 87% used [0x00000000c0000000,0x00000000d4ec18f8,0x00000000d7d00000)
 Metaspace       used 68817K, committed 69952K, reserved 1114112K
  class space    used 7300K, committed 7744K, reserved 1048576K
}
Event: 51.008 GC heap after
{Heap after GC invocations=386 (full 15):
 PSYoungGen      total 20480K, used 6687K [0x00000000eab00000, 0x00000000ecd80000, 0x0000000100000000)
  eden space 13312K, 0% used [0x00000000eab00000,0x00000000eab00000,0x00000000eb800000)
  from space 7168K, 93% used [0x00000000ec680000,0x00000000ecd07d70,0x00000000ecd80000)
  to   space 9216K, 0% used [0x00000000ebb80000,0x00000000ebb80000,0x00000000ec480000)
 ParOldGen       total 390144K, used 342798K [0x00000000c0000000, 0x00000000d7d00000, 0x00000000eab00000)
  object space 390144K, 87% used [0x00000000c0000000,0x00000000d4ec38f8,0x00000000d7d00000)
 Metaspace       used 68817K, committed 69952K, reserved 1114112K
  class space    used 7300K, committed 7744K, reserved 1048576K
}
Event: 51.114 GC heap before
{Heap before GC invocations=387 (full 15):
 PSYoungGen      total 20480K, used 19999K [0x00000000eab00000, 0x00000000ecd80000, 0x0000000100000000)
  eden space 13312K, 100% used [0x00000000eab00000,0x00000000eb800000,0x00000000eb800000)
  from space 7168K, 93% used [0x00000000ec680000,0x00000000ecd07d70,0x00000000ecd80000)
  to   space 9216K, 0% used [0x00000000ebb80000,0x00000000ebb80000,0x00000000ec480000)
 ParOldGen       total 390144K, used 342798K [0x00000000c0000000, 0x00000000d7d00000, 0x00000000eab00000)
  object space 390144K, 87% used [0x00000000c0000000,0x00000000d4ec38f8,0x00000000d7d00000)
 Metaspace       used 68828K, committed 69952K, reserved 1114112K
  class space    used 7301K, committed 7744K, reserved 1048576K
}
Event: 51.124 GC heap after
{Heap after GC invocations=387 (full 15):
 PSYoungGen      total 22528K, used 9207K [0x00000000eab00000, 0x00000000edd00000, 0x0000000100000000)
  eden space 13312K, 0% used [0x00000000eab00000,0x00000000eab00000,0x00000000eb800000)
  from space 9216K, 99% used [0x00000000ebb80000,0x00000000ec47dd18,0x00000000ec480000)
  to   space 18944K, 0% used [0x00000000eca80000,0x00000000eca80000,0x00000000edd00000)
 ParOldGen       total 390144K, used 350480K [0x00000000c0000000, 0x00000000d7d00000, 0x00000000eab00000)
  object space 390144K, 89% used [0x00000000c0000000,0x00000000d5644278,0x00000000d7d00000)
 Metaspace       used 68828K, committed 69952K, reserved 1114112K
  class space    used 7301K, committed 7744K, reserved 1048576K
}
Event: 62.604 GC heap before
{Heap before GC invocations=388 (full 15):
 PSYoungGen      total 22528K, used 22516K [0x00000000eab00000, 0x00000000edd00000, 0x0000000100000000)
  eden space 13312K, 99% used [0x00000000eab00000,0x00000000eb7ff3a0,0x00000000eb800000)
  from space 9216K, 99% used [0x00000000ebb80000,0x00000000ec47dd18,0x00000000ec480000)
  to   space 18944K, 0% used [0x00000000eca80000,0x00000000eca80000,0x00000000edd00000)
 ParOldGen       total 390144K, used 350480K [0x00000000c0000000, 0x00000000d7d00000, 0x00000000eab00000)
  object space 390144K, 89% used [0x00000000c0000000,0x00000000d5644278,0x00000000d7d00000)
 Metaspace       used 69079K, committed 70272K, reserved 1114112K
  class space    used 7317K, committed 7808K, reserved 1048576K
}
Event: 62.610 GC heap after
{Heap after GC invocations=388 (full 15):
 PSYoungGen      total 18432K, used 4785K [0x00000000eab00000, 0x00000000ecf80000, 0x0000000100000000)
  eden space 13312K, 0% used [0x00000000eab00000,0x00000000eab00000,0x00000000eb800000)
  from space 5120K, 93% used [0x00000000eca80000,0x00000000ecf2c4e8,0x00000000ecf80000)
  to   space 9216K, 0% used [0x00000000ebd80000,0x00000000ebd80000,0x00000000ec680000)
 ParOldGen       total 390144K, used 353208K [0x00000000c0000000, 0x00000000d7d00000, 0x00000000eab00000)
  object space 390144K, 90% used [0x00000000c0000000,0x00000000d58ee278,0x00000000d7d00000)
 Metaspace       used 69079K, committed 70272K, reserved 1114112K
  class space    used 7317K, committed 7808K, reserved 1048576K
}
Event: 63.582 GC heap before
{Heap before GC invocations=389 (full 15):
 PSYoungGen      total 18432K, used 18097K [0x00000000eab00000, 0x00000000ecf80000, 0x0000000100000000)
  eden space 13312K, 100% used [0x00000000eab00000,0x00000000eb800000,0x00000000eb800000)
  from space 5120K, 93% used [0x00000000eca80000,0x00000000ecf2c4e8,0x00000000ecf80000)
  to   space 9216K, 0% used [0x00000000ebd80000,0x00000000ebd80000,0x00000000ec680000)
 ParOldGen       total 390144K, used 353208K [0x00000000c0000000, 0x00000000d7d00000, 0x00000000eab00000)
  object space 390144K, 90% used [0x00000000c0000000,0x00000000d58ee278,0x00000000d7d00000)
 Metaspace       used 69672K, committed 70848K, reserved 1114112K
  class space    used 7396K, committed 7872K, reserved 1048576K
}
Event: 63.586 GC heap after
{Heap after GC invocations=389 (full 15):
 PSYoungGen      total 22528K, used 1479K [0x00000000eab00000, 0x00000000ecb00000, 0x0000000100000000)
  eden space 13312K, 0% used [0x00000000eab00000,0x00000000eab00000,0x00000000eb800000)
  from space 9216K, 16% used [0x00000000ebd80000,0x00000000ebef1d20,0x00000000ec680000)
  to   space 3584K, 0% used [0x00000000ec780000,0x00000000ec780000,0x00000000ecb00000)
 ParOldGen       total 390144K, used 353216K [0x00000000c0000000, 0x00000000d7d00000, 0x00000000eab00000)
  object space 390144K, 90% used [0x00000000c0000000,0x00000000d58f0278,0x00000000d7d00000)
 Metaspace       used 69672K, committed 70848K, reserved 1114112K
  class space    used 7396K, committed 7872K, reserved 1048576K
}

